TN:
SF:src\api\client.ts
FN:14,(anonymous_0)
FN:21,(anonymous_1)
FN:26,(anonymous_2)
FN:28,(anonymous_3)
FNF:4
FNH:3
FNDA:7,(anonymous_0)
FNDA:0,(anonymous_1)
FNDA:6,(anonymous_2)
FNDA:1,(anonymous_3)
DA:4,2
DA:14,2
DA:16,7
DA:17,7
DA:18,0
DA:20,7
DA:22,0
DA:26,2
DA:27,6
DA:29,1
DA:32,1
DA:39,0
DA:41,0
DA:43,0
DA:49,0
DA:52,0
DA:55,0
DA:56,0
DA:59,0
DA:60,0
DA:64,1
LF:21
LH:10
BRDA:5,0,0,2
BRDA:5,0,1,2
BRDA:17,1,0,0
BRDA:17,1,1,7
BRDA:32,2,0,0
BRDA:32,2,1,1
BRDA:33,3,0,1
BRDA:33,3,1,0
BRDA:33,3,2,0
BRDA:33,3,3,0
BRDA:33,3,4,0
BRF:11
BRH:5
end_of_record
TN:
SF:src\api\fleetsApi.ts
FN:6,(anonymous_0)
FN:20,(anonymous_1)
FN:25,(anonymous_2)
FN:30,(anonymous_3)
FN:35,(anonymous_4)
FNF:5
FNH:2
FNDA:1,(anonymous_0)
FNDA:0,(anonymous_1)
FNDA:3,(anonymous_2)
FNDA:0,(anonymous_3)
FNDA:0,(anonymous_4)
DA:5,2
DA:7,1
DA:8,1
DA:9,1
DA:11,1
DA:12,1
DA:13,1
DA:14,1
DA:16,1
DA:17,1
DA:21,0
DA:22,0
DA:26,3
DA:27,2
DA:31,0
DA:32,0
DA:36,0
LF:17
LH:12
BRDA:11,0,0,0
BRDA:11,0,1,1
BRDA:12,1,0,0
BRDA:12,1,1,1
BRDA:13,2,0,0
BRDA:13,2,1,1
BRDA:14,3,0,0
BRDA:14,3,1,1
BRF:8
BRH:4
end_of_record
TN:
SF:src\api\portsApi.ts
FN:6,(anonymous_0)
FN:20,(anonymous_1)
FN:25,(anonymous_2)
FN:30,(anonymous_3)
FN:35,(anonymous_4)
FNF:5
FNH:1
FNDA:3,(anonymous_0)
FNDA:0,(anonymous_1)
FNDA:0,(anonymous_2)
FNDA:0,(anonymous_3)
FNDA:0,(anonymous_4)
DA:5,1
DA:7,3
DA:8,3
DA:9,3
DA:11,3
DA:12,3
DA:13,3
DA:14,3
DA:16,3
DA:17,3
DA:21,0
DA:22,0
DA:26,0
DA:27,0
DA:31,0
DA:32,0
DA:36,0
LF:17
LH:10
BRDA:11,0,0,3
BRDA:11,0,1,0
BRDA:12,1,0,0
BRDA:12,1,1,3
BRDA:13,2,0,0
BRDA:13,2,1,3
BRDA:14,3,0,0
BRDA:14,3,1,3
BRF:8
BRH:4
end_of_record
TN:
SF:src\components\RoleGuard.tsx
FN:16,(anonymous_0)
FN:17,(anonymous_1)
FN:23,(anonymous_2)
FNF:3
FNH:3
FNDA:4,(anonymous_0)
FNDA:12,(anonymous_1)
FNDA:4,(anonymous_2)
DA:16,1
DA:17,12
DA:19,4
DA:20,0
DA:23,4
DA:25,4
DA:26,2
DA:29,2
LF:8
LH:7
BRDA:16,0,0,4
BRDA:19,1,0,0
BRDA:19,1,1,4
BRDA:19,2,0,4
BRDA:19,2,1,4
BRDA:25,3,0,2
BRDA:25,3,1,2
BRF:7
BRH:6
end_of_record
TN:
SF:src\components\fleets\FleetFormModal.tsx
FN:24,(anonymous_0)
FN:40,(anonymous_1)
FN:60,(anonymous_2)
FN:128,(anonymous_3)
FNF:4
FNH:4
FNDA:11,(anonymous_0)
FNDA:3,(anonymous_1)
FNDA:2,(anonymous_2)
FNDA:33,(anonymous_3)
DA:11,1
DA:24,1
DA:25,11
DA:27,11
DA:28,11
DA:30,11
DA:40,11
DA:41,3
DA:42,3
DA:43,0
DA:50,3
DA:60,11
DA:61,2
DA:62,2
DA:63,0
DA:69,0
DA:71,2
DA:77,2
DA:79,1
DA:81,1
DA:82,1
DA:86,11
DA:129,33
LF:23
LH:20
BRDA:41,0,0,3
BRDA:41,0,1,0
BRDA:42,1,0,0
BRDA:42,1,1,3
BRDA:42,2,0,3
BRDA:42,2,1,0
BRDA:45,3,0,0
BRDA:45,3,1,0
BRDA:62,4,0,0
BRDA:62,4,1,2
BRDA:62,5,0,2
BRDA:62,5,1,0
BRDA:65,6,0,0
BRDA:65,6,1,0
BRDA:73,7,0,2
BRDA:73,7,1,2
BRDA:82,8,0,1
BRDA:82,8,1,0
BRDA:87,9,0,0
BRDA:87,9,1,11
BRDA:95,10,0,1
BRDA:95,10,1,10
BRDA:98,11,0,11
BRDA:98,11,1,1
BRDA:105,12,0,0
BRDA:105,12,1,11
BRDA:109,13,0,11
BRDA:109,13,1,0
BRDA:125,14,0,0
BRDA:125,14,1,11
BRDA:132,15,0,11
BRDA:132,15,1,0
BRDA:145,16,0,11
BRDA:145,16,1,11
BRDA:148,17,0,0
BRDA:148,17,1,11
BRDA:148,18,0,11
BRDA:148,18,1,11
BRF:38
BRH:22
end_of_record
TN:
SF:src\components\ports\PortSelect.tsx
FN:9,(anonymous_0)
FN:28,(anonymous_1)
FNF:2
FNH:2
FNDA:12,(anonymous_0)
FNDA:6,(anonymous_1)
DA:9,1
DA:11,12
DA:12,12
DA:14,12
DA:29,6
DA:39,1
LF:6
LH:6
BRDA:10,0,0,12
BRDA:12,1,0,12
BRDA:12,1,1,6
BRDA:16,2,0,12
BRDA:16,2,1,12
BRDA:17,3,0,12
BRDA:17,3,1,0
BRDA:23,4,0,12
BRDA:23,4,1,0
BRDA:24,5,0,1
BRDA:24,5,1,11
BRDA:34,6,0,12
BRDA:34,6,1,1
BRF:13
BRH:11
end_of_record
TN:
SF:src\components\ui\Badge.tsx
FN:10,(anonymous_0)
FNF:1
FNH:1
FNDA:4,(anonymous_0)
DA:10,1
DA:11,4
DA:20,4
LF:3
LH:3
BRDA:10,0,0,4
BRF:1
BRH:1
end_of_record
TN:
SF:src\components\ui\Button.tsx
FN:8,(anonymous_0)
FNF:1
FNH:1
FNDA:5,(anonymous_0)
DA:8,1
DA:17,5
DA:19,5
DA:24,5
LF:4
LH:4
BRDA:10,0,0,5
BRDA:11,1,0,5
BRDA:12,2,0,5
BRDA:14,3,0,5
BRDA:28,4,0,5
BRDA:28,4,1,4
BRDA:31,5,0,0
BRDA:31,5,1,5
BRF:8
BRH:7
end_of_record
TN:
SF:src\components\ui\Modal.tsx
FN:11,(anonymous_0)
FN:16,(anonymous_1)
FN:22,(anonymous_2)
FN:42,(anonymous_3)
FN:47,(anonymous_4)
FN:48,(anonymous_5)
FN:82,(anonymous_6)
FNF:7
FNH:7
FNDA:14,(anonymous_0)
FNDA:8,(anonymous_1)
FNDA:7,(anonymous_2)
FNDA:8,(anonymous_3)
FNDA:8,(anonymous_4)
FNDA:36,(anonymous_5)
FNDA:8,(anonymous_6)
DA:11,2
DA:12,14
DA:13,14
DA:14,14
DA:16,14
DA:17,8
DA:18,7
DA:19,7
DA:22,7
DA:23,7
DA:24,6
DA:28,6
DA:29,6
DA:31,0
DA:36,1
DA:37,1
DA:38,1
DA:42,8
DA:43,8
DA:47,14
DA:48,8
DA:49,36
DA:51,36
DA:52,1
DA:53,1
DA:56,35
DA:57,4
DA:58,4
DA:62,4
DA:64,4
DA:65,4
DA:67,4
DA:68,1
DA:69,1
DA:70,1
DA:73,3
DA:74,1
DA:75,1
DA:81,8
DA:82,8
DA:85,14
DA:87,13
LF:42
LH:41
BRDA:17,0,0,7
BRDA:17,0,1,1
BRDA:23,1,0,6
BRDA:23,1,1,1
BRDA:28,2,0,6
BRDA:28,2,1,0
BRDA:37,3,0,1
BRDA:37,3,1,0
BRDA:49,4,0,0
BRDA:49,4,1,36
BRDA:51,5,0,1
BRDA:51,5,1,35
BRDA:56,6,0,4
BRDA:56,6,1,31
BRDA:57,7,0,0
BRDA:57,7,1,4
BRDA:62,8,0,0
BRDA:62,8,1,4
BRDA:67,9,0,1
BRDA:67,9,1,3
BRDA:68,10,0,1
BRDA:68,10,1,0
BRDA:68,11,0,1
BRDA:68,11,1,0
BRDA:73,12,0,1
BRDA:73,12,1,2
BRDA:85,13,0,1
BRDA:85,13,1,13
BRF:28
BRH:21
end_of_record
TN:
SF:src\components\ui\Table.tsx
FN:23,Table
FN:47,(anonymous_1)
FN:52,(anonymous_2)
FN:53,(anonymous_3)
FN:58,(anonymous_4)
FN:85,(anonymous_5)
FN:100,(anonymous_6)
FN:131,(anonymous_7)
FN:133,(anonymous_8)
FNF:9
FNH:8
FNDA:2,Table
FNDA:2,(anonymous_1)
FNDA:4,(anonymous_2)
FNDA:4,(anonymous_3)
FNDA:4,(anonymous_4)
FNDA:2,(anonymous_5)
FNDA:0,(anonymous_6)
FNDA:2,(anonymous_7)
FNDA:4,(anonymous_8)
DA:33,2
DA:35,2
DA:36,1
DA:48,2
DA:49,0
DA:52,4
DA:53,4
DA:55,2
DA:59,4
DA:80,1
DA:86,2
DA:87,2
DA:89,2
DA:100,0
DA:132,2
DA:134,4
LF:16
LH:14
BRDA:30,0,0,2
BRDA:35,1,0,1
BRDA:35,1,1,1
BRDA:38,2,0,0
BRDA:38,2,1,1
BRDA:42,3,0,0
BRDA:42,3,1,1
BRDA:48,4,0,0
BRDA:48,4,1,2
BRDA:52,5,0,4
BRDA:52,5,1,4
BRDA:62,6,0,0
BRDA:62,6,1,4
BRDA:67,7,0,2
BRDA:67,7,1,0
BRDA:67,7,2,0
BRDA:86,8,0,2
BRDA:86,8,1,0
BRDA:87,9,0,0
BRDA:87,9,1,2
BRDA:87,10,0,0
BRDA:87,10,1,0
BRDA:93,11,0,0
BRDA:93,11,1,2
BRDA:94,12,0,0
BRDA:94,12,1,2
BRDA:96,13,0,0
BRDA:96,13,1,2
BRDA:100,14,0,0
BRDA:100,14,1,0
BRDA:103,15,0,0
BRDA:103,15,1,0
BRDA:104,16,0,0
BRDA:104,16,1,0
BRDA:118,17,0,0
BRDA:118,17,1,1
BRDA:124,18,0,0
BRDA:124,18,1,1
BRDA:135,19,0,0
BRDA:135,19,1,4
BRF:40
BRH:18
end_of_record
TN:
SF:src\hooks\useFleets.ts
FN:5,(anonymous_0)
FN:8,(anonymous_1)
FN:12,(anonymous_2)
FN:15,(anonymous_3)
FN:20,(anonymous_4)
FN:23,(anonymous_5)
FN:24,(anonymous_6)
FN:30,(anonymous_7)
FN:33,(anonymous_8)
FN:35,(anonymous_9)
FN:41,(anonymous_10)
FN:44,(anonymous_11)
FN:45,(anonymous_12)
FNF:13
FNH:6
FNDA:2,(anonymous_0)
FNDA:1,(anonymous_1)
FNDA:0,(anonymous_2)
FNDA:0,(anonymous_3)
FNDA:13,(anonymous_4)
FNDA:3,(anonymous_5)
FNDA:2,(anonymous_6)
FNDA:11,(anonymous_7)
FNDA:0,(anonymous_8)
FNDA:0,(anonymous_9)
FNDA:0,(anonymous_10)
FNDA:0,(anonymous_11)
FNDA:0,(anonymous_12)
DA:5,2
DA:6,2
DA:8,1
DA:12,2
DA:13,0
DA:15,0
DA:20,2
DA:21,13
DA:22,13
DA:23,3
DA:25,2
DA:30,2
DA:31,11
DA:32,11
DA:34,0
DA:36,0
DA:41,2
DA:42,0
DA:43,0
DA:44,0
DA:46,0
LF:21
LH:13
BRF:0
BRH:0
end_of_record
TN:
SF:src\hooks\usePorts.ts
FN:5,(anonymous_0)
FN:8,(anonymous_1)
FN:12,(anonymous_2)
FN:15,(anonymous_3)
FN:20,(anonymous_4)
FN:23,(anonymous_5)
FN:24,(anonymous_6)
FN:30,(anonymous_7)
FN:33,(anonymous_8)
FN:35,(anonymous_9)
FN:41,(anonymous_10)
FN:44,(anonymous_11)
FN:45,(anonymous_12)
FNF:13
FNH:2
FNDA:12,(anonymous_0)
FNDA:3,(anonymous_1)
FNDA:0,(anonymous_2)
FNDA:0,(anonymous_3)
FNDA:0,(anonymous_4)
FNDA:0,(anonymous_5)
FNDA:0,(anonymous_6)
FNDA:0,(anonymous_7)
FNDA:0,(anonymous_8)
FNDA:0,(anonymous_9)
FNDA:0,(anonymous_10)
FNDA:0,(anonymous_11)
FNDA:0,(anonymous_12)
DA:5,1
DA:6,12
DA:8,3
DA:12,1
DA:13,0
DA:15,0
DA:20,1
DA:21,0
DA:22,0
DA:23,0
DA:25,0
DA:30,1
DA:31,0
DA:32,0
DA:34,0
DA:36,0
DA:41,1
DA:42,0
DA:43,0
DA:44,0
DA:46,0
LF:21
LH:7
BRF:0
BRH:0
end_of_record
TN:
SF:src\lib\constants.ts
FNF:0
FNH:0
DA:1,1
DA:11,1
DA:13,1
DA:14,1
DA:16,1
DA:25,1
DA:26,1
DA:28,1
DA:36,1
DA:43,1
DA:45,1
DA:52,1
DA:59,1
DA:66,1
DA:74,1
DA:83,1
DA:92,1
DA:100,1
LF:18
LH:18
BRF:0
BRH:0
end_of_record
TN:
SF:src\routes\ProtectedRoute.tsx
FN:5,(anonymous_0)
FN:6,(anonymous_1)
FNF:2
FNH:2
FNDA:2,(anonymous_0)
FNDA:6,(anonymous_1)
DA:5,1
DA:6,6
DA:8,2
DA:9,1
DA:12,1
LF:5
LH:5
BRDA:8,0,0,1
BRDA:8,0,1,1
BRF:2
BRH:2
end_of_record
TN:
SF:src\store\authStore.ts
FN:17,(anonymous_0)
FN:22,(anonymous_1)
FN:29,(anonymous_2)
FN:36,(anonymous_3)
FN:37,(anonymous_4)
FNF:5
FNH:3
FNDA:4,(anonymous_0)
FNDA:5,(anonymous_1)
FNDA:6,(anonymous_2)
FNDA:0,(anonymous_3)
FNDA:0,(anonymous_4)
DA:17,4
DA:23,5
DA:30,6
DA:37,0
LF:4
LH:3
BRDA:38,0,0,0
BRDA:38,0,1,0
BRDA:38,1,0,0
BRDA:38,1,1,0
BRF:4
BRH:0
end_of_record
